<?xml version="1.0" encoding="UTF-8"?>
<robot generator="Robot 7.4.2 (Python 3.12.10 on win32)" generated="2026-07-30T00:58:20.277052" rpa="false" schemaversion="5">
<suite id="s1" name="Checkout Product" source="D:\Playwright-Salesforce\tests\checkout_product.robot">
<test id="s1-t1" name="TC13_Verify add single item to the cart" line="15">
<kw name="Open Application" owner="common" type="SETUP">
<kw name="New Browser" owner="Browser">
<msg time="2026-07-30T00:58:21.566427" level="INFO">{"browser": "chromium", "headless": false, "args": ["--start--maximized"], "chromiumSandbox": false, "devtools": false, "handleSIGHUP": true, "handleSIGINT": true, "handleSIGTERM": true, "slowMo": 0.0, "timeout": 30000.0, "tracesDir": "D:\\Playwright-Salesforce\\browser\\traces\\temp\\3ebef5fe-6b26-4842-be2a-5ce5970f0914"}</msg>
<msg time="2026-07-30T00:58:21.649019" level="INFO">Starting Browser process C:\Users\Preethi_Gopi\AppData\Local\Programs\Python\Python312\Lib\site-packages\Browser\wrapper\index.js using at 127.0.0.1:56418</msg>
<msg time="2026-07-30T00:58:24.027683" level="INFO">Successfully created browser with options: {"browser":"chromium","headless":false,"args":["--start--maximized"],"chromiumSandbox":false,"devtools":false,"handleSIGHUP":true,"handleSIGINT":true,"handleSIGTERM":true,"slowMo":0,"timeout":30000,"tracesDir":"D:\\Playwright-Salesforce\\browser\\traces\\temp\\3ebef5fe-6b26-4842-be2a-5ce5970f0914"}</msg>
<arg>chromium</arg>
<arg>headless=False</arg>
<arg>args=["--start--maximized"]</arg>
<tag>BrowserControl</tag>
<tag>Setter</tag>
<doc>Create a new playwright Browser with specified options.</doc>
<status status="PASS" start="2026-07-30T00:58:21.564943" elapsed="2.462740"/>
</kw>
<kw name="New Context" owner="Browser">
<msg time="2026-07-30T00:58:24.034681" level="INFO">{
  "acceptDownloads": true,
  "bypassCSP": false,
  "forcedColors": "none",
  "ignoreHTTPSErrors": false,
  "javaScriptEnabled": true,
  "offline": false,
  "reducedMotion": "no-preference",
  "serviceWorkers": "allow",
  "viewport": {
    "width": 1280,
    "height": 720
  }
}</msg>
<msg time="2026-07-30T00:58:24.076412" level="INFO">Successfully created context. </msg>
<msg time="2026-07-30T00:58:24.076412" level="INFO">{'acceptDownloads': True, 'bypassCSP': False, 'forcedColors': 'none', 'ignoreHTTPSErrors': False, 'javaScriptEnabled': True, 'offline': False, 'reducedMotion': 'no-preference', 'serviceWorkers': 'allow', 'viewport': {'width': 1280, 'height': 720}}</msg>
<tag>BrowserControl</tag>
<tag>Setter</tag>
<doc>Create a new BrowserContext with specified options.</doc>
<status status="PASS" start="2026-07-30T00:58:24.028678" elapsed="0.047734"/>
</kw>
<kw name="New Page" owner="Browser">
<msg time="2026-07-30T00:58:25.381408" level="INFO">Successfully initialized new page object and opened url: https://www.saucedemo.com</msg>
<arg>https://www.saucedemo.com</arg>
<tag>BrowserControl</tag>
<tag>Setter</tag>
<doc>Open a new Page.</doc>
<status status="PASS" start="2026-07-30T00:58:24.076412" elapsed="1.305988"/>
</kw>
<status status="PASS" start="2026-07-30T00:58:21.561516" elapsed="3.820884"/>
</kw>
<kw name="Login into Application" owner="loginpage">
<kw name="Enter Username" owner="loginpage">
<kw name="Fill Text" owner="Browser">
<msg time="2026-07-30T00:58:25.389408" level="INFO">Fills the text 'standard_user' in the given field.</msg>
<arg>${username}</arg>
<arg>standard_user</arg>
<tag>PageContent</tag>
<tag>Setter</tag>
<doc>Clears and fills the given ``txt`` into the text field found by ``selector``.</doc>
<status status="PASS" start="2026-07-30T00:58:25.388403" elapsed="0.138649"/>
</kw>
<status status="PASS" start="2026-07-30T00:58:25.386402" elapsed="0.140650"/>
</kw>
<kw name="Enter Password" owner="loginpage">
<kw name="Fill Text" owner="Browser">
<msg time="2026-07-30T00:58:25.529535" level="INFO">Fills the text 'secret_sauce' in the given field.</msg>
<arg>${password}</arg>
<arg>secret_sauce</arg>
<tag>PageContent</tag>
<tag>Setter</tag>
<doc>Clears and fills the given ``txt`` into the text field found by ``selector``.</doc>
<status status="PASS" start="2026-07-30T00:58:25.528058" elapsed="0.040949"/>
</kw>
<status status="PASS" start="2026-07-30T00:58:25.528058" elapsed="0.040949"/>
</kw>
<kw name="Click on Signin" owner="loginpage">
<kw name="Click" owner="Browser">
<msg time="2026-07-30T00:58:25.570985" level="INFO">Clicks the element 'xpath=//*[@id='login-button']'.</msg>
<arg>${login}</arg>
<tag>PageContent</tag>
<tag>Setter</tag>
<doc>Simulates mouse click on the element found by ``selector``.</doc>
<status status="PASS" start="2026-07-30T00:58:25.570012" elapsed="0.201273"/>
</kw>
<status status="PASS" start="2026-07-30T00:58:25.569007" elapsed="0.202278"/>
</kw>
<status status="PASS" start="2026-07-30T00:58:25.384402" elapsed="0.387887"/>
</kw>
<kw name="Verify the homepage loaded" owner="homepage">
<kw name="Wait For Load State" owner="Browser">
<msg time="2026-07-30T00:58:25.774364" level="INFO">Waiting page load to state to receive networkidle in 10000.0</msg>
<msg time="2026-07-30T00:58:27.459737" level="INFO">Load state networkidle got in 10000</msg>
<arg>networkidle</arg>
<tag>PageContent</tag>
<tag>Wait</tag>
<doc>Waits that the page reaches the required load state.</doc>
<status status="PASS" start="2026-07-30T00:58:25.774364" elapsed="1.685373"/>
</kw>
<kw name="Wait For Elements State" owner="Browser">
<msg time="2026-07-30T00:58:27.483099" level="INFO">Waited for Element with selector xpath=//*[@class='app_logo'] at state visible</msg>
<arg>${home_page}</arg>
<arg>visible</arg>
<arg>50s</arg>
<tag>PageContent</tag>
<tag>Wait</tag>
<doc>Waits for the element found by ``selector`` to satisfy state option.</doc>
<status status="PASS" start="2026-07-30T00:58:27.466123" elapsed="0.016976"/>
</kw>
<status status="PASS" start="2026-07-30T00:58:25.772289" elapsed="1.710810"/>
</kw>
<kw name="Adding product to cart" owner="add_remove_to_cart">
<kw name="Create List" owner="BuiltIn">
<msg time="2026-07-30T00:58:27.488808" level="INFO">${products} = ['Sauce Labs Fleece Jacket']</msg>
<var>${products}</var>
<arg>@{product_name}</arg>
<doc>Returns a list containing given items.</doc>
<status status="PASS" start="2026-07-30T00:58:27.483099" elapsed="0.005709"/>
</kw>
<kw name="Set Test Variable" owner="BuiltIn">
<msg time="2026-07-30T00:58:27.488808" level="INFO">${SELECTED_PRODUCTS} = ['Sauce Labs Fleece Jacket']</msg>
<arg>${SELECTED_PRODUCTS}</arg>
<arg>${products}</arg>
<doc>Makes a variable available everywhere within the scope of the current test.</doc>
<status status="PASS" start="2026-07-30T00:58:27.488808" elapsed="0.000000"/>
</kw>
<kw name="Get Length" owner="BuiltIn">
<msg time="2026-07-30T00:58:27.491298" level="INFO">Length is 1.</msg>
<msg time="2026-07-30T00:58:27.491298" level="INFO">${product_count} = 1</msg>
<var>${product_count}</var>
<arg>${products}</arg>
<doc>Returns and logs the length of the given item as an integer.</doc>
<status status="PASS" start="2026-07-30T00:58:27.488808" elapsed="0.002490"/>
</kw>
<kw name="Set Test Variable" owner="BuiltIn">
<msg time="2026-07-30T00:58:27.491298" level="INFO">${product_count} = 1</msg>
<arg>${product_count}</arg>
<arg>${product_count}</arg>
<doc>Makes a variable available everywhere within the scope of the current test.</doc>
<status status="PASS" start="2026-07-30T00:58:27.491298" elapsed="0.000000"/>
</kw>
<for flavor="IN">
<iter>
<kw name="Replace String" owner="String">
<msg time="2026-07-30T00:58:27.494500" level="INFO">${add_product_name_cart} = xpath=//*[contains(text(),"Sauce Labs Fleece Jacket")]/ancestor::div[@class='inventory_item']//button</msg>
<var>${add_product_name_cart}</var>
<arg>${add_cart}</arg>
<arg>PRODUCT_NAME</arg>
<arg>${each_product}</arg>
<doc>Replaces ``search_for`` in the given ``string`` with ``replace_with``.</doc>
<status status="PASS" start="2026-07-30T00:58:27.494500" elapsed="0.001069"/>
</kw>
<kw name="Click" owner="Browser">
<msg time="2026-07-30T00:58:27.496423" level="INFO">Clicks the element 'xpath=//*[contains(text(),"Sauce Labs Fleece Jacket")]/ancestor::div[@class='inventory_item']//button'.</msg>
<arg>${add_product_name_cart}</arg>
<tag>PageContent</tag>
<tag>Setter</tag>
<doc>Simulates mouse click on the element found by ``selector``.</doc>
<status status="PASS" start="2026-07-30T00:58:27.495569" elapsed="0.068461"/>
</kw>
<var name="${each_product}">Sauce Labs Fleece Jacket</var>
<status status="PASS" start="2026-07-30T00:58:27.493840" elapsed="0.070190"/>
</iter>
<var>${each_product}</var>
<value>@{product_name}</value>
<status status="PASS" start="2026-07-30T00:58:27.491298" elapsed="0.072732"/>
</for>
<arg>Sauce Labs Fleece Jacket</arg>
<status status="PASS" start="2026-07-30T00:58:27.483099" elapsed="0.080931"/>
</kw>
<kw name="Verify cart badge count" owner="add_remove_to_cart">
<kw name="Get Length" owner="BuiltIn">
<msg time="2026-07-30T00:58:27.568777" level="INFO">Length is 1.</msg>
<msg time="2026-07-30T00:58:27.568777" level="INFO">${expected_count} = 1</msg>
<var>${expected_count}</var>
<arg>${SELECTED_PRODUCTS}</arg>
<doc>Returns and logs the length of the given item as an integer.</doc>
<status status="PASS" start="2026-07-30T00:58:27.568777" elapsed="0.000000"/>
</kw>
<kw name="Log To Console" owner="BuiltIn">
<arg>expected_count=${expected_count}</arg>
<doc>Logs the given message to the console.</doc>
<status status="PASS" start="2026-07-30T00:58:27.571336" elapsed="0.000000"/>
</kw>
<kw name="Get Element Count" owner="Browser">
<msg time="2026-07-30T00:58:27.591022" level="INFO">${badge_exists} = 1</msg>
<var>${badge_exists}</var>
<arg>${cart_badge}</arg>
<tag>Assertion</tag>
<tag>Getter</tag>
<tag>PageContent</tag>
<doc>Returns the count of elements found with ``selector``.</doc>
<status status="PASS" start="2026-07-30T00:58:27.573346" elapsed="0.017676"/>
</kw>
<kw name="Log To Console" owner="BuiltIn">
<arg>badge_exists=${badge_exists}</arg>
<doc>Logs the given message to the console.</doc>
<status status="PASS" start="2026-07-30T00:58:27.591022" elapsed="0.000000"/>
</kw>
<if>
<branch type="IF" condition="${expected_count} == 0">
<kw name="Should Be Equal As Integers" owner="BuiltIn">
<arg>${badge_exists}</arg>
<arg>0</arg>
<doc>Fails if objects are unequal after converting them to integers.</doc>
<status status="NOT RUN" start="2026-07-30T00:58:27.595182" elapsed="0.001247"/>
</kw>
<status status="NOT RUN" start="2026-07-30T00:58:27.591022" elapsed="0.005407"/>
</branch>
<branch type="ELSE">
<kw name="Get Text" owner="Browser">
<msg time="2026-07-30T00:58:27.665424" level="INFO">Text: ['1']</msg>
<msg time="2026-07-30T00:58:27.665424" level="INFO">${cart_badge_count} = 1</msg>
<var>${cart_badge_count}</var>
<arg>${cart_badge}</arg>
<tag>Assertion</tag>
<tag>Getter</tag>
<tag>PageContent</tag>
<doc>Returns text attribute of the element found by ``selector``.</doc>
<status status="PASS" start="2026-07-30T00:58:27.599003" elapsed="0.066421"/>
</kw>
<kw name="Log To Console" owner="BuiltIn">
<arg>count=${cart_badge_count}</arg>
<doc>Logs the given message to the console.</doc>
<status status="PASS" start="2026-07-30T00:58:27.665424" elapsed="0.003086"/>
</kw>
<kw name="Should Be Equal As Integers" owner="BuiltIn">
<msg time="2026-07-30T00:58:27.670466" level="INFO">Argument types are:
&lt;class 'int'&gt;
&lt;class 'str'&gt;</msg>
<arg>${expected_count}</arg>
<arg>${cart_badge_count}</arg>
<doc>Fails if objects are unequal after converting them to integers.</doc>
<status status="PASS" start="2026-07-30T00:58:27.668510" elapsed="0.001956"/>
</kw>
<status status="PASS" start="2026-07-30T00:58:27.596429" elapsed="0.074037"/>
</branch>
<status status="PASS" start="2026-07-30T00:58:27.591022" elapsed="0.079444"/>
</if>
<status status="PASS" start="2026-07-30T00:58:27.566765" elapsed="0.103701"/>
</kw>
<kw name="Verify cart items" owner="add_remove_to_cart">
<kw name="Log To Console" owner="BuiltIn">
<arg>${SELECTED_PRODUCTS}</arg>
<doc>Logs the given message to the console.</doc>
<status status="PASS" start="2026-07-30T00:58:27.673285" elapsed="0.000000"/>
</kw>
<kw name="Click" owner="Browser">
<msg time="2026-07-30T00:58:27.673285" level="INFO">Clicks the element 'xpath=//*[@class='shopping_cart_link']'.</msg>
<arg>${cart_click}</arg>
<tag>PageContent</tag>
<tag>Setter</tag>
<doc>Simulates mouse click on the element found by ``selector``.</doc>
<status status="PASS" start="2026-07-30T00:58:27.673285" elapsed="0.081347"/>
</kw>
<kw name="Get Elements" owner="Browser">
<msg time="2026-07-30T00:58:27.782117" level="INFO">Found 1 Locators successfully.</msg>
<msg time="2026-07-30T00:58:27.782117" level="INFO">${product_items} = ["xpath=//*[@class='inventory_item_name'] &gt;&gt; nth=0"]</msg>
<var>${product_items}</var>
<arg>${cart_items_name}</arg>
<tag>Getter</tag>
<tag>PageContent</tag>
<doc>Returns a reference to Playwright [https://playwright.dev/docs/api/class-locator|Locator]
for all matched elements by ``selector``.</doc>
<status status="PASS" start="2026-07-30T00:58:27.754632" elapsed="0.027485"/>
</kw>
<kw name="Get Length" owner="BuiltIn">
<msg time="2026-07-30T00:58:27.782117" level="INFO">Length is 1.</msg>
<msg time="2026-07-30T00:58:27.782117" level="INFO">${count} = 1</msg>
<var>${count}</var>
<arg>${product_items}</arg>
<doc>Returns and logs the length of the given item as an integer.</doc>
<status status="PASS" start="2026-07-30T00:58:27.782117" elapsed="0.000000"/>
</kw>
<kw name="Log To Console" owner="BuiltIn">
<arg>${count}</arg>
<doc>Logs the given message to the console.</doc>
<status status="PASS" start="2026-07-30T00:58:27.782117" elapsed="0.002909"/>
</kw>
<kw name="Get Length" owner="BuiltIn">
<msg time="2026-07-30T00:58:27.786198" level="INFO">Length is 1.</msg>
<msg time="2026-07-30T00:58:27.786198" level="INFO">${product_name_count} = 1</msg>
<var>${product_name_count}</var>
<arg>${SELECTED_PRODUCTS}</arg>
<doc>Returns and logs the length of the given item as an integer.</doc>
<status status="PASS" start="2026-07-30T00:58:27.786198" elapsed="0.000000"/>
</kw>
<kw name="Log To Console" owner="BuiltIn">
<arg>${product_name_count}</arg>
<doc>Logs the given message to the console.</doc>
<status status="PASS" start="2026-07-30T00:58:27.786198" elapsed="0.000000"/>
</kw>
<kw name="Should Be Equal As Integers" owner="BuiltIn">
<arg>${count}</arg>
<arg>${product_name_count}</arg>
<doc>Fails if objects are unequal after converting them to integers.</doc>
<status status="PASS" start="2026-07-30T00:58:27.786198" elapsed="0.000000"/>
</kw>
<for flavor="IN RANGE">
<iter>
<kw name="Log To Console" owner="BuiltIn">
<arg>Before:${index}</arg>
<doc>Logs the given message to the console.</doc>
<status status="PASS" start="2026-07-30T00:58:27.786198" elapsed="0.000000"/>
</kw>
<kw name="Get From List" owner="Collections">
<msg time="2026-07-30T00:58:27.786198" level="INFO">${each_product_name_text} = xpath=//*[@class='inventory_item_name'] &gt;&gt; nth=0</msg>
<var>${each_product_name_text}</var>
<arg>${product_items}</arg>
<arg>${index}</arg>
<doc>Returns the value specified with an ``index`` from ``list``.</doc>
<status status="PASS" start="2026-07-30T00:58:27.786198" elapsed="0.007207"/>
</kw>
<kw name="Get Text" owner="Browser">
<msg time="2026-07-30T00:58:27.826661" level="INFO">Text: ['Sauce Labs Fleece Jacket']</msg>
<msg time="2026-07-30T00:58:27.826661" level="INFO">${actual} = Sauce Labs Fleece Jacket</msg>
<var>${actual}</var>
<arg>${each_product_name_text}</arg>
<tag>Assertion</tag>
<tag>Getter</tag>
<tag>PageContent</tag>
<doc>Returns text attribute of the element found by ``selector``.</doc>
<status status="PASS" start="2026-07-30T00:58:27.793405" elapsed="0.033256"/>
</kw>
<kw name="Log To Console" owner="BuiltIn">
<arg>After:${actual}</arg>
<doc>Logs the given message to the console.</doc>
<status status="PASS" start="2026-07-30T00:58:27.826661" elapsed="0.002010"/>
</kw>
<kw name="Log To Console" owner="BuiltIn">
<arg>${SELECTED_PRODUCTS}[${index}]</arg>
<doc>Logs the given message to the console.</doc>
<status status="PASS" start="2026-07-30T00:58:27.828671" elapsed="0.015472"/>
</kw>
<kw name="Should Be Equal" owner="BuiltIn">
<arg>${actual}</arg>
<arg>${SELECTED_PRODUCTS}[${index}]</arg>
<doc>Fails if the given objects are unequal.</doc>
<status status="PASS" start="2026-07-30T00:58:27.844143" elapsed="0.000000"/>
</kw>
<var name="${index}">0</var>
<status status="PASS" start="2026-07-30T00:58:27.786198" elapsed="0.057945"/>
</iter>
<var>${index}</var>
<value>${count}</value>
<status status="PASS" start="2026-07-30T00:58:27.786198" elapsed="0.057945"/>
</for>
<status status="PASS" start="2026-07-30T00:58:27.670466" elapsed="0.176908"/>
</kw>
<kw name="Checkout the products" owner="checkoutpage">
<kw name="Click" owner="Browser">
<msg time="2026-07-30T00:58:27.849604" level="INFO">Clicks the element 'xpath=//*[contains(text(),'Checkout')]'.</msg>
<arg>${checkout}</arg>
<tag>PageContent</tag>
<tag>Setter</tag>
<doc>Simulates mouse click on the element found by ``selector``.</doc>
<status status="PASS" start="2026-07-30T00:58:27.847374" elapsed="0.084159"/>
</kw>
<kw name="First Name" owner="FakerLibrary">
<msg time="2026-07-30T00:58:27.933157" level="INFO">${firstname} = John</msg>
<var>${firstname}</var>
<status status="PASS" start="2026-07-30T00:58:27.932040" elapsed="0.001117"/>
</kw>
<kw name="Last Name" owner="FakerLibrary">
<msg time="2026-07-30T00:58:27.934597" level="INFO">${lastname} = Young</msg>
<var>${lastname}</var>
<status status="PASS" start="2026-07-30T00:58:27.934597" elapsed="0.001007"/>
</kw>
<kw name="Postalcode" owner="FakerLibrary">
<msg time="2026-07-30T00:58:27.935604" level="INFO">${pcode} = 07952</msg>
<var>${pcode}</var>
<status status="PASS" start="2026-07-30T00:58:27.935604" elapsed="0.000000"/>
</kw>
<kw name="Type Text" owner="Browser">
<msg time="2026-07-30T00:58:27.937144" level="INFO">Types the text 'John' in the given field.</msg>
<arg>${fname}</arg>
<arg>${firstname}</arg>
<tag>PageContent</tag>
<tag>Setter</tag>
<doc>Types the given ``txt`` into the text field found by ``selector``.</doc>
<status status="PASS" start="2026-07-30T00:58:27.935604" elapsed="0.123425"/>
</kw>
<kw name="Type Text" owner="Browser">
<msg time="2026-07-30T00:58:28.060037" level="INFO">Types the text 'Young' in the given field.</msg>
<arg>${lname}</arg>
<arg>${lastname}</arg>
<tag>PageContent</tag>
<tag>Setter</tag>
<doc>Types the given ``txt`` into the text field found by ``selector``.</doc>
<status status="PASS" start="2026-07-30T00:58:28.059029" elapsed="0.117946"/>
</kw>
<kw name="Type Text" owner="Browser">
<msg time="2026-07-30T00:58:28.178974" level="INFO">Types the text '07952' in the given field.</msg>
<arg>${postal_code}</arg>
<arg>${pcode}</arg>
<tag>PageContent</tag>
<tag>Setter</tag>
<doc>Types the given ``txt`` into the text field found by ``selector``.</doc>
<status status="PASS" start="2026-07-30T00:58:28.177973" elapsed="0.114198"/>
</kw>
<kw name="Log To Console" owner="BuiltIn">
<arg>Firstname=${firstname}</arg>
<doc>Logs the given message to the console.</doc>
<status status="PASS" start="2026-07-30T00:58:28.293345" elapsed="0.002026"/>
</kw>
<kw name="Log To Console" owner="BuiltIn">
<arg>Lastname=${lastname}</arg>
<doc>Logs the given message to the console.</doc>
<status status="PASS" start="2026-07-30T00:58:28.295371" elapsed="0.001300"/>
</kw>
<kw name="Log To Console" owner="BuiltIn">
<arg>Postalcode=${pcode}</arg>
<doc>Logs the given message to the console.</doc>
<status status="PASS" start="2026-07-30T00:58:28.296671" elapsed="0.002509"/>
</kw>
<kw name="Click" owner="Browser">
<msg time="2026-07-30T00:58:28.300533" level="INFO">Clicks the element 'xpath=//*[@id='continue']'.</msg>
<arg>${continue}</arg>
<tag>PageContent</tag>
<tag>Setter</tag>
<doc>Simulates mouse click on the element found by ``selector``.</doc>
<status status="PASS" start="2026-07-30T00:58:28.299180" elapsed="0.086359"/>
</kw>
<kw name="Click" owner="Browser">
<msg time="2026-07-30T00:58:28.387566" level="INFO">Clicks the element 'xpath=//*[@name='finish']'.</msg>
<arg>${finish}</arg>
<tag>PageContent</tag>
<tag>Setter</tag>
<doc>Simulates mouse click on the element found by ``selector``.</doc>
<status status="PASS" start="2026-07-30T00:58:28.385539" elapsed="0.073047"/>
</kw>
<status status="PASS" start="2026-07-30T00:58:27.847374" elapsed="0.612589"/>
</kw>
<kw name="Close Application" owner="common" type="TEARDOWN">
<kw name="Close Browser" owner="Browser">
<msg time="2026-07-30T00:58:29.057087" level="INFO">Closed browser</msg>
<tag>BrowserControl</tag>
<tag>Setter</tag>
<doc>Closes the current browser.</doc>
<status status="PASS" start="2026-07-30T00:58:28.461268" elapsed="0.595819"/>
</kw>
<status status="PASS" start="2026-07-30T00:58:28.459963" elapsed="0.597124"/>
</kw>
<status status="PASS" start="2026-07-30T00:58:21.560563" elapsed="7.497583"/>
</test>
<status status="PASS" start="2026-07-30T00:58:20.280052" elapsed="8.792462"/>
</suite>
<statistics>
<total>
<stat pass="1" fail="0" skip="0">All Tests</stat>
</total>
<tag>
</tag>
<suite>
<stat name="Checkout Product" id="s1" pass="1" fail="0" skip="0">Checkout Product</stat>
</suite>
</statistics>
<errors>
</errors>
</robot>
